2010-11-23 16:24:28 Warning: Warning (512): <span style="color:Red;text-align:left"><b>SQL Error:</b> 1054: Unknown column 'Vehicles.year' in 'field list'</span> in [C:\xampplite\htdocs\cake\cake\libs\model\datasources\dbo_source.php, line 684]
2010-11-23 16:24:28 Warning: Warning (2): Invalid argument supplied for foreach() in [C:\xampplite\htdocs\cake\bike_logs\views\elements\my_vehicles.ctp, line 9]
2010-11-23 16:49:33 Warning: Warning (2): Invalid argument supplied for foreach() in [C:\xampplite\htdocs\cake\bike_logs\views\elements\my_jobs.ctp, line 9]
2010-11-23 16:59:55 Warning: Warning (2): Invalid argument supplied for foreach() in [C:\xampplite\htdocs\cake\bike_logs\views\elements\my_vehicles.ctp, line 9]
2010-11-23 17:06:43 Warning: Warning (2): Invalid argument supplied for foreach() in [C:\xampplite\htdocs\cake\bike_logs\views\elements\my_vehicles.ctp, line 19]
2010-11-23 17:07:21 Warning: Warning (2): Invalid argument supplied for foreach() in [C:\xampplite\htdocs\cake\bike_logs\views\elements\my_vehicles.ctp, line 19]
2010-11-23 17:07:35 Warning: Warning (2): Invalid argument supplied for foreach() in [C:\xampplite\htdocs\cake\bike_logs\views\elements\my_vehicles.ctp, line 19]
2010-11-23 17:07:45 Warning: Warning (2): Invalid argument supplied for foreach() in [C:\xampplite\htdocs\cake\bike_logs\views\elements\my_vehicles.ctp, line 19]
2010-11-29 15:57:51 Warning: Warning (512): Could not find validation handler password_match for password_confirm in [C:\xampplite\htdocs\cake\cake\libs\model\model.php, line 2613]
2010-11-29 15:57:51 Warning: Warning (2): Cannot modify header information - headers already sent by (output started at C:\xampplite\htdocs\cake\cake\libs\debugger.php:673) in [C:\xampplite\htdocs\cake\cake\libs\controller\controller.php, line 746]
2010-11-29 15:59:37 Warning: Warning (512): Could not find validation handler password_match for password_confirm in [C:\xampplite\htdocs\cake\cake\libs\model\model.php, line 2613]
2010-11-29 15:59:49 Warning: Warning (512): Could not find validation handler password_match for password_confirm in [C:\xampplite\htdocs\cake\cake\libs\model\model.php, line 2613]
2010-11-29 15:59:49 Warning: Warning (2): Cannot modify header information - headers already sent by (output started at C:\xampplite\htdocs\cake\cake\libs\debugger.php:673) in [C:\xampplite\htdocs\cake\cake\libs\controller\controller.php, line 746]
2010-11-29 16:13:16 Warning: Warning (2): mysql_connect() [<a href='http://php.net/function.mysql-connect'>function.mysql-connect</a>]: Can't connect to MySQL server on 'localhost' (10061) in [C:\xampplite\htdocs\cake\cake\libs\model\datasources\dbo\dbo_mysql.php, line 552]
2010-11-29 16:13:16 Warning: Warning (2): mysql_select_db() expects parameter 2 to be resource, boolean given in [C:\xampplite\htdocs\cake\cake\libs\model\datasources\dbo\dbo_mysql.php, line 558]
2010-11-29 16:13:16 Warning: Warning (2): mysql_get_server_info() expects parameter 1 to be resource, boolean given in [C:\xampplite\htdocs\cake\cake\libs\model\datasources\dbo\dbo_mysql.php, line 566]
2010-11-29 16:13:16 Warning: Warning (2): Cannot modify header information - headers already sent by (output started at C:\xampplite\htdocs\cake\cake\libs\debugger.php:673) in [C:\xampplite\htdocs\cake\cake\libs\controller\controller.php, line 746]
2010-12-01 09:42:12 Warning: Warning (2): array_merge() [<a href='http://php.net/function.array-merge'>function.array-merge</a>]: Argument #3 is not an array in [C:\xampplite\htdocs\cake\cake\libs\view\helpers\form.php, line 716]
2010-12-01 09:42:37 Warning: Warning (2): array_merge() [<a href='http://php.net/function.array-merge'>function.array-merge</a>]: Argument #3 is not an array in [C:\xampplite\htdocs\cake\cake\libs\view\helpers\form.php, line 716]
2010-12-01 09:58:42 Warning: Warning (2): in_array() expects parameter 2 to be array, string given in [C:\xampplite\htdocs\cake\cake\libs\object.php, line 87]
2010-12-01 09:58:42 Warning: Warning (2): array_merge() [<a href='http://php.net/function.array-merge'>function.array-merge</a>]: Argument #2 is not an array in [C:\xampplite\htdocs\cake\cake\libs\object.php, line 93]
2010-12-01 09:58:42 Warning: Warning (2): array_merge() [<a href='http://php.net/function.array-merge'>function.array-merge</a>]: Argument #2 is not an array in [C:\xampplite\htdocs\cake\cake\dispatcher.php, line 109]
2010-12-01 09:59:10 Warning: Warning (2): in_array() expects parameter 2 to be array, string given in [C:\xampplite\htdocs\cake\cake\libs\object.php, line 87]
2010-12-01 09:59:10 Warning: Warning (2): array_merge() [<a href='http://php.net/function.array-merge'>function.array-merge</a>]: Argument #2 is not an array in [C:\xampplite\htdocs\cake\cake\libs\object.php, line 93]
2010-12-01 09:59:10 Warning: Warning (2): array_merge() [<a href='http://php.net/function.array-merge'>function.array-merge</a>]: Argument #2 is not an array in [C:\xampplite\htdocs\cake\cake\dispatcher.php, line 109]
2010-12-01 09:59:13 Warning: Warning (2): in_array() expects parameter 2 to be array, string given in [C:\xampplite\htdocs\cake\cake\libs\object.php, line 87]
2010-12-01 09:59:13 Warning: Warning (2): array_merge() [<a href='http://php.net/function.array-merge'>function.array-merge</a>]: Argument #2 is not an array in [C:\xampplite\htdocs\cake\cake\libs\object.php, line 93]
2010-12-01 09:59:13 Warning: Warning (2): array_merge() [<a href='http://php.net/function.array-merge'>function.array-merge</a>]: Argument #2 is not an array in [C:\xampplite\htdocs\cake\cake\dispatcher.php, line 109]
2010-12-01 10:00:48 Warning: Warning (2): in_array() expects parameter 2 to be array, string given in [C:\xampplite\htdocs\cake\cake\libs\object.php, line 87]
2010-12-01 10:00:48 Warning: Warning (2): array_merge() [<a href='http://php.net/function.array-merge'>function.array-merge</a>]: Argument #2 is not an array in [C:\xampplite\htdocs\cake\cake\libs\object.php, line 93]
2010-12-01 10:00:48 Warning: Warning (2): array_merge() [<a href='http://php.net/function.array-merge'>function.array-merge</a>]: Argument #2 is not an array in [C:\xampplite\htdocs\cake\cake\dispatcher.php, line 109]
2010-12-01 10:00:51 Warning: Warning (2): in_array() expects parameter 2 to be array, string given in [C:\xampplite\htdocs\cake\cake\libs\object.php, line 87]
2010-12-01 10:00:51 Warning: Warning (2): array_merge() [<a href='http://php.net/function.array-merge'>function.array-merge</a>]: Argument #2 is not an array in [C:\xampplite\htdocs\cake\cake\libs\object.php, line 93]
2010-12-01 10:00:51 Warning: Warning (2): array_merge() [<a href='http://php.net/function.array-merge'>function.array-merge</a>]: Argument #2 is not an array in [C:\xampplite\htdocs\cake\cake\dispatcher.php, line 109]
2010-12-01 10:00:53 Warning: Warning (2): in_array() expects parameter 2 to be array, string given in [C:\xampplite\htdocs\cake\cake\libs\object.php, line 87]
2010-12-01 10:00:53 Warning: Warning (2): array_merge() [<a href='http://php.net/function.array-merge'>function.array-merge</a>]: Argument #2 is not an array in [C:\xampplite\htdocs\cake\cake\libs\object.php, line 93]
2010-12-01 10:00:53 Warning: Warning (2): array_merge() [<a href='http://php.net/function.array-merge'>function.array-merge</a>]: Argument #2 is not an array in [C:\xampplite\htdocs\cake\cake\dispatcher.php, line 109]
2010-12-01 10:04:21 Warning: Warning (2): array_merge() [<a href='http://php.net/function.array-merge'>function.array-merge</a>]: Argument #2 is not an array in [C:\xampplite\htdocs\cake\cake\libs\router.php, line 1067]
2010-12-01 10:04:21 Warning: Warning (2): array_merge() [<a href='http://php.net/function.array-merge'>function.array-merge</a>]: Argument #1 is not an array in [C:\xampplite\htdocs\cake\cake\dispatcher.php, line 158]
2010-12-01 10:04:21 Warning: Warning (2): call_user_func_array() expects parameter 2 to be array, string given in [C:\xampplite\htdocs\cake\cake\dispatcher.php, line 204]
2010-12-01 10:16:59 Warning: Warning (2): array_merge() [<a href='http://php.net/function.array-merge'>function.array-merge</a>]: Argument #2 is not an array in [C:\xampplite\htdocs\cake\cake\libs\router.php, line 1067]
2010-12-01 10:16:59 Warning: Warning (2): array_merge() [<a href='http://php.net/function.array-merge'>function.array-merge</a>]: Argument #1 is not an array in [C:\xampplite\htdocs\cake\cake\dispatcher.php, line 158]
2010-12-01 10:16:59 Warning: Warning (2): call_user_func_array() expects parameter 2 to be array, string given in [C:\xampplite\htdocs\cake\cake\dispatcher.php, line 204]
